<?xml version="1.0" encoding="UTF-8"?>
<testsuite xmlns:xsi="http://www.w3.org/2001/XMLSchema-instance" xsi:noNamespaceSchemaLocation="https://maven.apache.org/surefire/maven-surefire-plugin/xsd/surefire-test-report.xsd" version="3.0.2" name="br.insper.produto.ProdutoApplicationTests" time="5.262" tests="1" errors="0" skipped="0" failures="0">
  <properties>
[...]
</properties>
  <testcase name="contextLoads" classname="br.insper.produto.ProdutoApplicationTests" time="1.088">
    <system-out><![CDATA[16:59:37.116 [main] INFO org.springframework.test.context.support.AnnotationConfigContextLoaderUtils -- Could not detect default configuration classes for test class [br.insper.produto.ProdutoApplicationTests]: ProdutoApplicationTests does not declare any static, non-private, non-final, nested classes annotated with @Configuration.
16:59:37.369 [main] INFO org.springframework.boot.test.context.SpringBootTestContextBootstrapper -- Found @SpringBootConfiguration br.insper.produto.ProdutoApplication for test class br.insper.produto.ProdutoApplicationTests

  .   ____          _            __ _ _
 /\\ / ___'_ __ _ _(_)_ __  __ _ \ \ \ \
( ( )\___ | '_ | '_| | '_ \/ _` | \ \ \ \
 \\/  ___)| |_)| | | | | || (_| |  ) ) ) )
  '  |____| .__|_| |_|_| |_\__, | / / / /
 =========|_|==============|___/=/_/_/_/

 :: Spring Boot ::                (v3.4.2)

2025-03-18T16:59:38.132-03:00  INFO 25170 --- [produto] [           main] b.i.produto.ProdutoApplicationTests      : Starting ProdutoApplicationTests using Java 22.0.2 with PID 25170 (started by vitorraia in /Users/vitorraia/Documents/Documentos_Insper/Materias_4_Semestre/Projeto_de_Software_e_Gestao_Agil/projeto-software-produto)
2025-03-18T16:59:38.134-03:00  INFO 25170 --- [produto] [           main] b.i.produto.ProdutoApplicationTests      : No active profile set, falling back to 1 default profile: "default"
2025-03-18T16:59:38.943-03:00  INFO 25170 --- [produto] [           main] .s.d.r.c.RepositoryConfigurationDelegate : Bootstrapping Spring Data MongoDB repositories in DEFAULT mode.
2025-03-18T16:59:39.021-03:00  INFO 25170 --- [produto] [           main] .s.d.r.c.RepositoryConfigurationDelegate : Finished Spring Data repository scanning in 65 ms. Found 1 MongoDB repository interface.
2025-03-18T16:59:39.768-03:00  INFO 25170 --- [produto] [vdx.mongodb.net] org.mongodb.driver.cluster               : Adding discovered server ac-mruyeq5-shard-00-02.iabbvdx.mongodb.net:27017 to client view of cluster
2025-03-18T16:59:39.794-03:00  INFO 25170 --- [produto] [           main] org.mongodb.driver.client                : MongoClient with metadata {"driver": {"name": "mongo-java-driver|sync|spring-boot", "version": "5.2.1"}, "os": {"type": "Darwin", "name": "Mac OS X", "architecture": "x86_64", "version": "15.3.2"}, "platform": "Java/Oracle Corporation/22.0.2+9-70"} created with settings MongoClientSettings{readPreference=primary, writeConcern=WriteConcern{w=null, wTimeout=null ms, journal=null}, retryWrites=true, retryReads=true, readConcern=ReadConcern{level=null}, credential=MongoCredential{mechanism=null, userName='eduardo', source='admin', password=<hidden>, mechanismProperties=<hidden>}, transportSettings=null, commandListeners=[], codecRegistry=ProvidersCodecRegistry{codecProviders=[ValueCodecProvider{}, BsonValueCodecProvider{}, DBRefCodecProvider{}, DBObjectCodecProvider{}, DocumentCodecProvider{}, CollectionCodecProvider{}, IterableCodecProvider{}, MapCodecProvider{}, GeoJsonCodecProvider{}, GridFSFileCodecProvider{}, Jsr310CodecProvider{}, JsonObjectCodecProvider{}, BsonCodecProvider{}, EnumCodecProvider{}, com.mongodb.client.model.mql.ExpressionCodecProvider@62075e3d, com.mongodb.Jep395RecordCodecProvider@63e81ac6, com.mongodb.KotlinCodecProvider@45775a15]}, loggerSettings=LoggerSettings{maxDocumentLength=1000}, clusterSettings={hosts=[127.0.0.1:27017], srvHost=cluster0.iabbvdx.mongodb.net, srvServiceName=mongodb, mode=MULTIPLE, requiredClusterType=REPLICA_SET, requiredReplicaSetName='atlas-f39iin-shard-0', serverSelector='null', clusterListeners='[]', serverSelectionTimeout='30000 ms', localThreshold='15 ms'}, socketSettings=SocketSettings{connectTimeoutMS=10000, readTimeoutMS=0, receiveBufferSize=0, proxySettings=ProxySettings{host=null, port=null, username=null, password=null}}, heartbeatSocketSettings=SocketSettings{connectTimeoutMS=10000, readTimeoutMS=10000, receiveBufferSize=0, proxySettings=ProxySettings{host=null, port=null, username=null, password=null}}, connectionPoolSettings=ConnectionPoolSettings{maxSize=100, minSize=0, maxWaitTimeMS=120000, maxConnectionLifeTimeMS=0, maxConnectionIdleTimeMS=0, maintenanceInitialDelayMS=0, maintenanceFrequencyMS=60000, connectionPoolListeners=[], maxConnecting=2}, serverSettings=ServerSettings{heartbeatFrequencyMS=10000, minHeartbeatFrequencyMS=500, serverMonitoringMode=AUTO, serverListeners='[]', serverMonitorListeners='[]'}, sslSettings=SslSettings{enabled=true, invalidHostNameAllowed=false, context=null}, applicationName='null', compressorList=[], uuidRepresentation=JAVA_LEGACY, serverApi=null, autoEncryptionSettings=null, dnsClient=null, inetAddressResolver=null, contextProvider=null, timeoutMS=null}
2025-03-18T16:59:39.809-03:00  INFO 25170 --- [produto] [vdx.mongodb.net] org.mongodb.driver.cluster               : Adding discovered server ac-mruyeq5-shard-00-01.iabbvdx.mongodb.net:27017 to client view of cluster
2025-03-18T16:59:39.814-03:00  INFO 25170 --- [produto] [vdx.mongodb.net] org.mongodb.driver.cluster               : Adding discovered server ac-mruyeq5-shard-00-00.iabbvdx.mongodb.net:27017 to client view of cluster
2025-03-18T16:59:40.563-03:00  INFO 25170 --- [produto] [ngodb.net:27017] org.mongodb.driver.cluster               : Monitor thread successfully connected to server with description ServerDescription{address=ac-mruyeq5-shard-00-00.iabbvdx.mongodb.net:27017, type=REPLICA_SET_SECONDARY, cryptd=false, state=CONNECTED, ok=true, minWireVersion=0, maxWireVersion=25, maxDocumentSize=16777216, logicalSessionTimeoutMinutes=30, roundTripTimeNanos=359559618, minRoundTripTimeNanos=0, setName='atlas-f39iin-shard-0', canonicalAddress=ac-mruyeq5-shard-00-00.iabbvdx.mongodb.net:27017, hosts=[ac-mruyeq5-shard-00-00.iabbvdx.mongodb.net:27017, ac-mruyeq5-shard-00-01.iabbvdx.mongodb.net:27017, ac-mruyeq5-shard-00-02.iabbvdx.mongodb.net:27017], passives=[], arbiters=[], primary='ac-mruyeq5-shard-00-02.iabbvdx.mongodb.net:27017', tagSet=TagSet{[Tag{name='availabilityZone', value='sae1-az1'}, Tag{name='diskState', value='READY'}, Tag{name='nodeType', value='ELECTABLE'}, Tag{name='provider', value='AWS'}, Tag{name='region', value='SA_EAST_1'}, Tag{name='workloadType', value='OPERATIONAL'}]}, electionId=null, setVersion=6, topologyVersion=TopologyVersion{processId=67d2da927c193616dbca5d5c, counter=4}, lastWriteDate=Tue Mar 18 16:59:40 BRT 2025, lastUpdateTimeNanos=25756389568045}
2025-03-18T16:59:40.563-03:00  INFO 25170 --- [produto] [ngodb.net:27017] org.mongodb.driver.cluster               : Monitor thread successfully connected to server with description ServerDescription{address=ac-mruyeq5-shard-00-02.iabbvdx.mongodb.net:27017, type=REPLICA_SET_PRIMARY, cryptd=false, state=CONNECTED, ok=true, minWireVersion=0, maxWireVersion=25, maxDocumentSize=16777216, logicalSessionTimeoutMinutes=30, roundTripTimeNanos=367051001, minRoundTripTimeNanos=0, setName='atlas-f39iin-shard-0', canonicalAddress=ac-mruyeq5-shard-00-02.iabbvdx.mongodb.net:27017, hosts=[ac-mruyeq5-shard-00-00.iabbvdx.mongodb.net:27017, ac-mruyeq5-shard-00-01.iabbvdx.mongodb.net:27017, ac-mruyeq5-shard-00-02.iabbvdx.mongodb.net:27017], passives=[], arbiters=[], primary='ac-mruyeq5-shard-00-02.iabbvdx.mongodb.net:27017', tagSet=TagSet{[Tag{name='availabilityZone', value='sae1-az2'}, Tag{name='diskState', value='READY'}, Tag{name='nodeType', value='ELECTABLE'}, Tag{name='provider', value='AWS'}, Tag{name='region', value='SA_EAST_1'}, Tag{name='workloadType', value='OPERATIONAL'}]}, electionId=7fffffff00000000000000ec, setVersion=6, topologyVersion=TopologyVersion{processId=67d2deae293eac744e27bc7e, counter=6}, lastWriteDate=Tue Mar 18 16:59:40 BRT 2025, lastUpdateTimeNanos=25756389567886}
2025-03-18T16:59:40.564-03:00  INFO 25170 --- [produto] [ngodb.net:27017] org.mongodb.driver.cluster               : Monitor thread successfully connected to server with description ServerDescription{address=ac-mruyeq5-shard-00-01.iabbvdx.mongodb.net:27017, type=REPLICA_SET_SECONDARY, cryptd=false, state=CONNECTED, ok=true, minWireVersion=0, maxWireVersion=25, maxDocumentSize=16777216, logicalSessionTimeoutMinutes=30, roundTripTimeNanos=367051429, minRoundTripTimeNanos=0, setName='atlas-f39iin-shard-0', canonicalAddress=ac-mruyeq5-shard-00-01.iabbvdx.mongodb.net:27017, hosts=[ac-mruyeq5-shard-00-00.iabbvdx.mongodb.net:27017, ac-mruyeq5-shard-00-01.iabbvdx.mongodb.net:27017, ac-mruyeq5-shard-00-02.iabbvdx.mongodb.net:27017], passives=[], arbiters=[], primary='ac-mruyeq5-shard-00-02.iabbvdx.mongodb.net:27017', tagSet=TagSet{[Tag{name='availabilityZone', value='sae1-az3'}, Tag{name='diskState', value='READY'}, Tag{name='nodeType', value='ELECTABLE'}, Tag{name='provider', value='AWS'}, Tag{name='region', value='SA_EAST_1'}, Tag{name='workloadType', value='OPERATIONAL'}]}, electionId=null, setVersion=6, topologyVersion=TopologyVersion{processId=67d583aee41d310a16478dae, counter=3}, lastWriteDate=Tue Mar 18 16:59:40 BRT 2025, lastUpdateTimeNanos=25756389568112}
2025-03-18T16:59:40.572-03:00  INFO 25170 --- [produto] [ngodb.net:27017] org.mongodb.driver.cluster               : Discovered replica set primary ac-mruyeq5-shard-00-02.iabbvdx.mongodb.net:27017 with max election id 7fffffff00000000000000ec and max set version 6
2025-03-18T16:59:40.937-03:00  INFO 25170 --- [produto] [           main] b.i.produto.ProdutoApplicationTests      : Started ProdutoApplicationTests in 3.283 seconds (process running for 5.1)
]]></system-out>
    <system-err><![CDATA[Mockito is currently self-attaching to enable the inline-mock-maker. This will no longer work in future releases of the JDK. Please add Mockito as an agent to your build what is described in Mockito's documentation: https://javadoc.io/doc/org.mockito/mockito-core/latest/org/mockito/Mockito.html#0.3
WARNING: A Java agent has been loaded dynamically (/Users/vitorraia/.m2/repository/net/bytebuddy/byte-buddy-agent/1.15.11/byte-buddy-agent-1.15.11.jar)
WARNING: If a serviceability tool is in use, please run with -XX:+EnableDynamicAgentLoading to hide this warning
WARNING: If a serviceability tool is not in use, please run with -Djdk.instrument.traceUsage for more information
WARNING: Dynamic loading of agents will be disallowed by default in a future release
]]></system-err>
  </testcase>
</testsuite>