<?xml version="1.0" encoding="UTF-8"?>
<testsuite xmlns:xsi="http://www.w3.org/2001/XMLSchema-instance" xsi:noNamespaceSchemaLocation="https://maven.apache.org/surefire/maven-surefire-plugin/xsd/surefire-test-report.xsd" version="3.0.2" name="br.insper.produto.ProdutoControllerTest" time="1.179" tests="4" errors="0" skipped="0" failures="0">
  <properties>
[...]
</properties>
  <testcase name="testListarProdutos" classname="br.insper.produto.ProdutoControllerTest" time="0.915">
    <system-out><![CDATA[2025-03-18T16:59:42.398-03:00  INFO 25170 --- [produto] [           main] o.s.mock.web.MockServletContext          : Initializing Spring TestDispatcherServlet ''
2025-03-18T16:59:42.398-03:00  INFO 25170 --- [produto] [           main] o.s.t.web.servlet.TestDispatcherServlet  : Initializing Servlet ''
2025-03-18T16:59:42.401-03:00  INFO 25170 --- [produto] [           main] o.s.t.web.servlet.TestDispatcherServlet  : Completed initialization in 1 ms
]]></system-out>
  </testcase>
  <testcase name="testDiminuirEstoque" classname="br.insper.produto.ProdutoControllerTest" time="0.068">
    <system-out><![CDATA[2025-03-18T16:59:43.001-03:00  INFO 25170 --- [produto] [           main] o.s.mock.web.MockServletContext          : Initializing Spring TestDispatcherServlet ''
2025-03-18T16:59:43.002-03:00  INFO 25170 --- [produto] [           main] o.s.t.web.servlet.TestDispatcherServlet  : Initializing Servlet ''
2025-03-18T16:59:43.002-03:00  INFO 25170 --- [produto] [           main] o.s.t.web.servlet.TestDispatcherServlet  : Completed initialization in 0 ms
]]></system-out>
  </testcase>
  <testcase name="testBuscarProdutoPorId" classname="br.insper.produto.ProdutoControllerTest" time="0.024">
    <system-out><![CDATA[2025-03-18T16:59:43.066-03:00  INFO 25170 --- [produto] [           main] o.s.mock.web.MockServletContext          : Initializing Spring TestDispatcherServlet ''
2025-03-18T16:59:43.066-03:00  INFO 25170 --- [produto] [           main] o.s.t.web.servlet.TestDispatcherServlet  : Initializing Servlet ''
2025-03-18T16:59:43.067-03:00  INFO 25170 --- [produto] [           main] o.s.t.web.servlet.TestDispatcherServlet  : Completed initialization in 1 ms
]]></system-out>
  </testcase>
  <testcase name="testCriarProduto" classname="br.insper.produto.ProdutoControllerTest" time="0.165">
    <system-out><![CDATA[2025-03-18T16:59:43.090-03:00  INFO 25170 --- [produto] [           main] o.s.mock.web.MockServletContext          : Initializing Spring TestDispatcherServlet ''
2025-03-18T16:59:43.090-03:00  INFO 25170 --- [produto] [           main] o.s.t.web.servlet.TestDispatcherServlet  : Initializing Servlet ''
2025-03-18T16:59:43.091-03:00  INFO 25170 --- [produto] [           main] o.s.t.web.servlet.TestDispatcherServlet  : Completed initialization in 0 ms
]]></system-out>
  </testcase>
</testsuite>